\BOOKMARK [0][-]{section*.2}{\376\377\000A\000\040\000s\000c\000a\000l\000a\000b\000l\000e\000\040\000h\000i\000g\000h\000-\000o\000r\000d\000e\000r\000\040\000m\000e\000s\000h\000-\000f\000r\000e\000e\000\040\000f\000r\000a\000m\000e\000w\000o\000r\000k\000\040\000f\000o\000r\000\040\000d\000i\000r\000e\000c\000t\000\040\000n\000u\000m\000e\000r\000i\000c\000a\000l\000\040\000s\000i\000m\000u\000l\000a\000t\000i\000o\000n\000s\000\040\000o\000f\000\040\000c\000o\000m\000b\000u\000s\000t\000i\000o\000n}{}% 2
\BOOKMARK [1][-]{section*.1}{\376\377\000A\000b\000s\000t\000r\000a\000c\000t}{section*.2}% 1
\BOOKMARK [1][-]{section*.3}{\376\377\000I\000n\000t\000r\000o\000d\000u\000c\000t\000i\000o\000n}{section*.2}% 3
\BOOKMARK [2][-]{section*.4}{\376\377\000A\000\040\000c\000o\000m\000m\000e\000n\000t\000\040\000o\000n\000\040\000n\000o\000t\000a\000t\000i\000o\000n}{section*.3}% 4
\BOOKMARK [1][-]{section*.5}{\376\377\000G\000o\000v\000e\000r\000n\000i\000n\000g\000\040\000E\000q\000u\000a\000t\000i\000o\000n\000s}{section*.2}% 5
\BOOKMARK [2][-]{section*.6}{\376\377\000E\000v\000a\000l\000u\000a\000t\000i\000o\000n\000\040\000o\000f\000\040\000t\000e\000m\000p\000e\000r\000a\000t\000u\000r\000e\000\040\000a\000n\000d\000\040\000h\000e\000a\000t\000\040\000c\000a\000p\000a\000c\000i\000t\000y}{section*.5}% 6
\BOOKMARK [2][-]{section*.7}{\376\377\000T\000r\000a\000n\000s\000p\000o\000r\000t\000\040\000p\000r\000o\000p\000e\000r\000t\000i\000e\000s}{section*.5}% 7
\BOOKMARK [3][-]{section*.8}{\376\377\000C\000o\000n\000s\000t\000a\000n\000t\000\040\000L\000e\000w\000i\000s\000\040\000n\000u\000m\000b\000e\000r\000s}{section*.7}% 8
\BOOKMARK [3][-]{section*.9}{\376\377\000M\000i\000x\000t\000u\000r\000e\000d\000-\000a\000v\000e\000r\000a\000g\000e\000d\000\040\000t\000r\000a\000n\000s\000p\000o\000r\000t}{section*.7}% 9
\BOOKMARK [2][-]{section*.10}{\376\377\000E\000v\000a\000l\000u\000a\000t\000i\000o\000n\000\040\000o\000f\000\040\000r\000e\000a\000c\000t\000i\000o\000n\000\040\000r\000a\000t\000e\000s}{section*.5}% 10
\BOOKMARK [3][-]{section*.11}{\376\377\000B\000a\000c\000k\000w\000a\000r\000d\000s\000\040\000r\000a\000t\000e\000\040\000c\000o\000n\000s\000t\000a\000n\000t}{section*.10}% 11
\BOOKMARK [3][-]{section*.12}{\376\377\000T\000h\000i\000r\000d\000\040\000b\000o\000d\000i\000e\000s}{section*.10}% 12
\BOOKMARK [3][-]{section*.13}{\376\377\000L\000i\000n\000d\000e\000m\000a\000n\000n\000\040\000f\000o\000r\000m\000s}{section*.10}% 13
\BOOKMARK [1][-]{section*.14}{\376\377\000N\000u\000m\000e\000r\000i\000c\000a\000l\000\040\000i\000m\000p\000l\000e\000m\000e\000n\000t\000a\000t\000i\000o\000n}{section*.2}% 14
\BOOKMARK [2][-]{section*.15}{\376\377\000E\000v\000a\000l\000u\000a\000t\000i\000o\000n\000\040\000o\000f\000\040\000s\000p\000a\000t\000i\000a\000l\000\040\000d\000e\000r\000i\000v\000a\000t\000i\000v\000e\000s}{section*.14}% 15
\BOOKMARK [2][-]{section*.16}{\376\377\000T\000e\000m\000p\000o\000r\000a\000l\000\040\000i\000n\000t\000e\000g\000r\000a\000t\000i\000o\000n\000\040\000a\000n\000d\000\040\000f\000i\000l\000t\000e\000r\000i\000n\000g}{section*.14}% 16
\BOOKMARK [2][-]{section*.17}{\376\377\000B\000o\000u\000n\000d\000a\000r\000i\000e\000s}{section*.14}% 17
\BOOKMARK [2][-]{section*.18}{\376\377\000P\000a\000r\000a\000l\000l\000e\000l\000i\000s\000a\000t\000i\000o\000n}{section*.14}% 18
\BOOKMARK [1][-]{section*.19}{\376\377\000E\000q\000u\000a\000t\000i\000o\000n\000s\000\040\000w\000r\000i\000t\000t\000e\000n\000\040\000o\000u\000t\000\040\000i\000n\000\040\000f\000u\000l\000l\000,\000\040\000i\000n\000\040\000E\000i\000n\000s\000t\000e\000i\000n\000\040\000n\000o\000t\000a\000t\000i\000o\000n}{section*.2}% 19
\BOOKMARK [1][-]{section*.20}{\376\377\000R\000e\000f\000e\000r\000e\000n\000c\000e\000s}{section*.2}% 20
